-1.000000e+00 8.668364e-01 8.678154e-01
-8.947368e-01 8.020680e-01 8.029283e-01
-7.894737e-01 7.461867e-01 7.469461e-01
-6.842105e-01 6.985734e-01 6.992479e-01
-5.789474e-01 6.587006e-01 6.593048e-01
-4.736842e-01 6.261264e-01 6.266738e-01
-3.684211e-01 6.004899e-01 6.009930e-01
-2.631579e-01 5.815070e-01 5.819775e-01
-1.578947e-01 5.689674e-01 5.694165e-01
-5.263158e-02 5.627321e-01 5.631706e-01
5.263158e-02 5.627321e-01 5.631706e-01
1.578947e-01 5.689674e-01 5.694165e-01
2.631579e-01 5.815070e-01 5.819775e-01
3.684211e-01 6.004899e-01 6.009930e-01
4.736842e-01 6.261264e-01 6.266738e-01
5.789474e-01 6.587006e-01 6.593048e-01
6.842105e-01 6.985734e-01 6.992479e-01
7.894737e-01 7.461867e-01 7.469461e-01
8.947368e-01 8.020680e-01 8.029283e-01
1.000000e+00 8.668364e-01 8.678154e-01
